This error related to function separate_100_tweet_each_file of 3000_tweet file nError tokenizing data. C error: Buffer overflow caught - possible malformed input file.

###################################################################################################
This error related to function separate_100_tweet_each_file of 3000_tweet file nError tokenizing data. C error: Buffer overflow caught - possible malformed input file.

###################################################################################################
This error related to function separate_100_tweet_each_file of 3000_tweet file nError tokenizing data. C error: Buffer overflow caught - possible malformed input file.

###################################################################################################
This error related to function separate_100_tweet_each_file of 3000_tweet file nError tokenizing data. C error: Buffer overflow caught - possible malformed input file.

###################################################################################################
This error related to function separate_100_tweet_each_file of 3000_tweet file nError tokenizing data. C error: Buffer overflow caught - possible malformed input file.

###################################################################################################
This error related to function separate_100_tweet_each_file of 3000_tweet file nError tokenizing data. C error: Buffer overflow caught - possible malformed input file.

###################################################################################################
This error related to function separate_100_tweet_each_file of 3000_tweet file nError tokenizing data. C error: Buffer overflow caught - possible malformed input file.

###################################################################################################
This error related to function separate_100_tweet_each_file of 3000_tweet file nError tokenizing data. C error: Buffer overflow caught - possible malformed input file.

###################################################################################################
This error related to function separate_100_tweet_each_file of 3000_tweet file nError tokenizing data. C error: Buffer overflow caught - possible malformed input file.

###################################################################################################
This error related to function separate_100_tweet_each_file of 3000_tweet file nError tokenizing data. C error: Buffer overflow caught - possible malformed input file.

###################################################################################################
This error related to function separate_100_tweet_each_file of 3000_tweet file nError tokenizing data. C error: Buffer overflow caught - possible malformed input file.

###################################################################################################
This error related to function separate_100_tweet_each_file of 3000_tweet file nError tokenizing data. C error: Buffer overflow caught - possible malformed input file.

###################################################################################################
This error related to function separate_100_tweet_each_file of 3000_tweet file nError tokenizing data. C error: Buffer overflow caught - possible malformed input file.

###################################################################################################
This error related to function separate_100_tweet_each_file of 3000_tweet file nError tokenizing data. C error: Buffer overflow caught - possible malformed input file.

###################################################################################################
This error related to function separate_100_tweet_each_file of 3000_tweet file nError tokenizing data. C error: Buffer overflow caught - possible malformed input file.

###################################################################################################
This error related to function separate_100_tweet_each_file of 3000_tweet file nError tokenizing data. C error: Buffer overflow caught - possible malformed input file.

###################################################################################################
This error related to function separate_100_tweet_each_file of 3000_tweet file n'list' object has no attribute 'sample'
###################################################################################################
This error related to function separate_100_tweet_each_file of 3000_tweet file nlist indices must be integers or slices, not list
###################################################################################################
This error related to function separate_100_tweet_each_file of 3000_tweet file nlist indices must be integers or slices, not list
###################################################################################################
This error related to function separate_100_tweet_each_file of 3000_tweet file nlist indices must be integers or slices, not list
###################################################################################################
This error related to function separate_100_tweet_each_file of 3000_tweet file nlist indices must be integers or slices, not list
###################################################################################################
This error related to function separate_100_tweet_each_file of 3000_tweet file nlist indices must be integers or slices, not list
###################################################################################################
This error related to function separate_100_tweet_each_file of 3000_tweet file nname 'df_len' is not defined
###################################################################################################
This error related to function separate_100_tweet_each_file of 3000_tweet file nname 'df_len' is not defined
###################################################################################################
This error related to function separate_100_tweet_each_file of 3000_tweet file nname 'df_len' is not defined
###################################################################################################
This error related to function separate_100_tweet_each_file of 3000_tweet file nname 'df_len' is not defined
###################################################################################################
This error related to function separate_100_tweet_each_file of 3000_tweet file nname 'df_len' is not defined
###################################################################################################
This error related to function separate_100_tweet_each_file of 3000_tweet file n'list' object cannot be interpreted as an integer
###################################################################################################
This error related to function separate_100_tweet_each_file of 3000_tweet file n'list' object cannot be interpreted as an integer
###################################################################################################
This error related to function separate_100_tweet_each_file of 3000_tweet file n'list' object cannot be interpreted as an integer
###################################################################################################
This error related to function separate_100_tweet_each_file of 3000_tweet file nobject of type 'NoneType' has no len()
###################################################################################################
This error related to function separate_100_tweet_each_file of 3000_tweet file nobject of type 'NoneType' has no len()
###################################################################################################
This error related to function separate_100_tweet_each_file of 3000_tweet file nobject of type 'NoneType' has no len()
###################################################################################################
This error related to function separate_100_tweet_each_file of 3000_tweet file nobject of type 'NoneType' has no len()
###################################################################################################
This error related to function get_random_number_of_tweets of 3000_tweet file n'NoneType' object has no attribute 'reset_index'
###################################################################################################
