This error related to function read_direction_preprocess of direction_and_file_handleing file in direction config_files nname 'pd' is not defined
###################################################################################################
This error related to function read_direction_preprocess of direction_and_file_handleing file in direction config_files nname 'pd' is not defined
###################################################################################################
This error related to function read_direction_preprocess of direction_and_file_handleing file in direction config_files nname 'dict_full_text_list_preprocessed' is not defined
###################################################################################################
This error related to function read_direction_preprocess of direction_and_file_handleing file in direction config_files nname 'dict_full_text_list_preprocessed' is not defined
###################################################################################################
This error related to function read_direction_preprocess of direction_and_file_handleing file in direction config_files nname 'dict_full_text_list_preprocessed' is not defined
###################################################################################################
This error related to function read_direction_preprocess of direction_and_file_handleing file in direction config_files nname 'dict_full_text_list_preprocessed' is not defined
###################################################################################################
This error related to function read_direction_preprocess of direction_and_file_handleing file in direction config_files nname 'dict_full_text_list_preprocessed' is not defined
###################################################################################################
This error related to function read_direction_preprocess of direction_and_file_handleing file in direction config_files nname 'dict_full_text_list_preprocessed' is not defined
###################################################################################################
This error related to function read_direction_preprocess of direction_and_file_handleing file in direction config_files nname 'dict_full_text_list_preprocessed' is not defined
###################################################################################################
This error related to function read_direction_preprocess of direction_and_file_handleing file in direction config_files nname 'os' is not defined
###################################################################################################
This error related to function read_direction_preprocess of direction_and_file_handleing file in direction config_files nname 'os' is not defined
###################################################################################################
This error related to function read_direction_preprocess of direction_and_file_handleing file in direction config_files nname 'os' is not defined
###################################################################################################
This error related to function read_direction_preprocess of direction_and_file_handleing file in direction config_files nname 'os' is not defined
###################################################################################################
This error related to function read_direction_preprocess of direction_and_file_handleing file in direction config_files nname 'os' is not defined
###################################################################################################
This error related to function read_direction_preprocess of direction_and_file_handleing file in direction config_files nname 'os' is not defined
###################################################################################################
This error related to function read_direction_preprocess of direction_and_file_handleing file in direction config_files nUnable to allocate 37.1 GiB for an array with shape (99563, 50000) and data type float64
###################################################################################################
This error related to function read_direction_preprocess of direction_and_file_handleing file in direction config_files nUnable to allocate 37.1 GiB for an array with shape (99563, 50000) and data type float64
###################################################################################################
This error related to function read_direction_preprocess of direction_and_file_handleing file in direction config_files nname 'classifed_data' is not defined
###################################################################################################
This error related to function read_direction_preprocess of direction_and_file_handleing file in direction config_files nname 'classifed_data' is not defined
###################################################################################################
This error related to function read_direction_preprocess of direction_and_file_handleing file in direction config_files nname 'classifed_data' is not defined
###################################################################################################
This error related to function read_direction_preprocess of direction_and_file_handleing file in direction config_files nname 'classifed_data' is not defined
###################################################################################################
This error related to function read_direction_preprocess of direction_and_file_handleing file in direction config_files nlist indices must be integers or slices, not str
###################################################################################################
This error related to function read_direction_preprocess of direction_and_file_handleing file in direction config_files nlist indices must be integers or slices, not str
###################################################################################################
This error related to function read_direction_preprocess of direction_and_file_handleing file in direction config_files nname 'T' is not defined
###################################################################################################
This error related to function read_direction_preprocess of direction_and_file_handleing file in direction config_files nname 'classifed_data' is not defined
###################################################################################################
This error related to function read_direction_preprocess of direction_and_file_handleing file in direction config_files nname 'classifed_data' is not defined
###################################################################################################
This error related to function read_direction_preprocess of direction_and_file_handleing file in direction config_files nname 'classifed_data' is not defined
###################################################################################################
This error related to function read_direction_preprocess of direction_and_file_handleing file in direction config_files n'full_text'
###################################################################################################
This error related to function read_direction_preprocess of direction_and_file_handleing file in direction config_files n'full_text'
###################################################################################################
This error related to function read_direction_preprocess of direction_and_file_handleing file in direction config_files n'full_text'
###################################################################################################
This error related to function read_direction_preprocess of direction_and_file_handleing file in direction config_files nUnable to allocate 37.1 GiB for an array with shape (99563, 50000) and data type float64
###################################################################################################
This error related to function read_direction_preprocess of direction_and_file_handleing file in direction config_files nUnable to allocate 37.1 GiB for an array with shape (99563, 50000) and data type float64
###################################################################################################
This error related to function read_direction_preprocess of direction_and_file_handleing file in direction config_files n'bool' object has no attribute 'to_csv'
###################################################################################################
This error related to function read_direction_preprocess of direction_and_file_handleing file in direction config_files nIf using all scalar values, you must pass an index
###################################################################################################
This error related to function read_direction_preprocess of direction_and_file_handleing file in direction config_files nlocal variable 'classifed_data' referenced before assignment
###################################################################################################
This error related to function read_direction_preprocess of direction_and_file_handleing file in direction config_files nUnable to allocate 37.1 GiB for an array with shape (99563, 50000) and data type float64
###################################################################################################
This error related to function read_direction_preprocess of direction_and_file_handleing file in direction config_files nUnable to allocate 37.1 GiB for an array with shape (99563, 50000) and data type float64
###################################################################################################
This error related to function read_direction_preprocess of direction_and_file_handleing file in direction config_files nUnable to allocate 37.1 GiB for an array with shape (99563, 50000) and data type float64
###################################################################################################
This error related to function read_direction_preprocess of direction_and_file_handleing file in direction config_files nUnable to allocate 37.1 GiB for an array with shape (99563, 50000) and data type float64
###################################################################################################
This error related to function read_direction_preprocess of direction_and_file_handleing file in direction config_files nUnable to allocate 37.1 GiB for an array with shape (99563, 50000) and data type float64
###################################################################################################
This error related to function read_direction_preprocess of direction_and_file_handleing file in direction config_files nUnable to allocate 37.1 GiB for an array with shape (99563, 50000) and data type float64
###################################################################################################
This error related to function read_direction_preprocess of direction_and_file_handleing file in direction config_files nUnable to allocate 8.52 GiB for an array with shape (22882, 50000) and data type float64
###################################################################################################
This error related to function read_direction_preprocess of direction_and_file_handleing file in direction config_files nread_direction_big_files() missing 1 required positional argument: 'path_to_save'
###################################################################################################
This error related to function read_direction_preprocess of direction_and_file_handleing file in direction config_files nread_direction_big_files() missing 1 required positional argument: 'path_to_save'
###################################################################################################
This error related to function read_direction_preprocess of direction_and_file_handleing file in direction config_files nlocal variable 'path_to_save_excel' referenced before assignment
###################################################################################################
This error related to function read_direction_preprocess of direction_and_file_handleing file in direction config_files nlocal variable 'path_to_save_excel' referenced before assignment
###################################################################################################
This error related to function read_direction_preprocess of direction_and_file_handleing file in direction config_files nlocal variable 'path_to_save_excel' referenced before assignment
###################################################################################################
This error related to function read_direction_preprocess of direction_and_file_handleing file in direction config_files nlocal variable 'path_to_save_excel' referenced before assignment
###################################################################################################
This error related to function read_direction_preprocess of direction_and_file_handleing file in direction config_files nbad operand type for unary +: 'str'
###################################################################################################
This error related to function read_direction_preprocess of direction_and_file_handleing file in direction config_files nbad operand type for unary +: 'str'
###################################################################################################
This error related to function read_direction_preprocess of direction_and_file_handleing file in direction config_files nbad operand type for unary +: 'str'
###################################################################################################
This error related to function read_direction_preprocess of direction_and_file_handleing file in direction config_files n[Errno 21] Is a directory: 'csv_down_files/classifed_tweeets_of_each_file/COVID19-tweetID-2020-01/csv'
###################################################################################################
This error related to function read_direction_preprocess of direction_and_file_handleing file in direction config_files n[Errno 21] Is a directory: 'csv_down_files/classifed_tweeets_of_each_file/COVID19-tweetID-2020-01/csv'
###################################################################################################
