This error related to function get_random_number_of_tweets of get_tweet_to_classify file in direction config_files n[Errno 2] No such file or directory: 'csv_down_files/preprocessed/COVID19-tweetID-2020-01_not/'
###################################################################################################
This error related to function get_random_number_of_tweets of get_tweet_to_classify file in direction config_files n[Errno 2] No such file or directory: 'csv_down_files/preprocessed/COVID19-tweetID-2020-01_not/'
###################################################################################################
This error related to function get_random_number_of_tweets of get_tweet_to_classify file in direction config_files n[Errno 2] No such file or directory: 'csv_down_files/preprocessed/COVID19-tweetID-2020-01_not/'
###################################################################################################
This error related to function get_random_number_of_tweets of get_tweet_to_classify file in direction config_files n[Errno 2] No such file or directory: 'csv_down_files/preprocessed/COVID19-tweetID-2020-01_not/'
###################################################################################################
This error related to function get_random_number_of_tweets of get_tweet_to_classify file in direction config_files nError tokenizing data. C error: Calling read(nbytes) on source failed. Try engine='python'.
###################################################################################################
This error related to function get_random_number_of_tweets of get_tweet_to_classify file in direction config_files nCustom line terminators not supported in python parser (yet)
###################################################################################################
This error related to function get_random_number_of_tweets of get_tweet_to_classify file in direction config_files n'tweet_text'
###################################################################################################
This error related to function get_random_number_of_tweets of get_tweet_to_classify file in direction config_files n'tweet_text'
###################################################################################################
This error related to function get_random_number_of_tweets of get_tweet_to_classify file in direction config_files n'tweet_text'
###################################################################################################
This error related to function get_random_number_of_tweets of get_tweet_to_classify file in direction config_files n'tweet_text'
###################################################################################################
This error related to function get_random_number_of_tweets of get_tweet_to_classify file in direction config_files n'tweet_text'
###################################################################################################
This error related to function get_random_number_of_tweets of get_tweet_to_classify file in direction config_files n'tweet_text'
###################################################################################################
This error related to function get_random_number_of_tweets of get_tweet_to_classify file in direction config_files n'tweet_text'
###################################################################################################
This error related to function get_random_number_of_tweets of get_tweet_to_classify file in direction config_files n'tweet_text'
###################################################################################################
This error related to function get_random_number_of_tweets of get_tweet_to_classify file in direction config_files n'tweet_text'
###################################################################################################
This error related to function get_random_number_of_tweets of get_tweet_to_classify file in direction config_files n'tweet_text'
###################################################################################################
This error related to function get_random_number_of_tweets of get_tweet_to_classify file in direction config_files n'tweet_text'
###################################################################################################
This error related to function get_random_number_of_tweets of get_tweet_to_classify file in direction config_files nUnable to allocate 37.1 GiB for an array with shape (99563, 50000) and data type float64
###################################################################################################
This error related to function get_random_number_of_tweets of get_tweet_to_classify file in direction config_files noperands could not be broadcast together with shapes (0,) (6248,) 
###################################################################################################
This error related to function get_random_number_of_tweets of get_tweet_to_classify file in direction config_files noperands could not be broadcast together with shapes (0,) (6248,) 
###################################################################################################
This error related to function get_random_number_of_tweets of get_tweet_to_classify file in direction config_files noperands could not be broadcast together with shapes (0,) (6248,) 
###################################################################################################
This error related to function get_random_number_of_tweets of get_tweet_to_classify file in direction config_files noperands could not be broadcast together with shapes (0,) (6248,) 
###################################################################################################
This error related to function get_random_number_of_tweets of get_tweet_to_classify file in direction config_files noperands could not be broadcast together with shapes (0,) (6248,) 
###################################################################################################
This error related to function get_random_number_of_tweets of get_tweet_to_classify file in direction config_files n'dict' object has no attribute 'to_csv'
###################################################################################################
This error related to function get_random_number_of_tweets of get_tweet_to_classify file in direction config_files n'dict' object has no attribute 'to_csv'
###################################################################################################
This error related to function get_random_number_of_tweets of get_tweet_to_classify file in direction config_files n'dict' object has no attribute 'to_csv'
###################################################################################################
This error related to function get_random_number_of_tweets of get_tweet_to_classify file in direction config_files n'dict' object has no attribute 'to_csv'
###################################################################################################
This error related to function get_random_number_of_tweets of get_tweet_to_classify file in direction config_files n'dict' object has no attribute 'to_csv'
###################################################################################################
This error related to function get_random_number_of_tweets of get_tweet_to_classify file in direction config_files n'dict' object has no attribute 'to_csv'
###################################################################################################
This error related to function get_random_number_of_tweets of get_tweet_to_classify file in direction config_files n'dict' object has no attribute 'to_csv'
###################################################################################################
This error related to function get_random_number_of_tweets of get_tweet_to_classify file in direction config_files nUnable to allocate 37.1 GiB for an array with shape (99563, 50000) and data type float64
###################################################################################################
This error related to function get_random_number_of_tweets of get_tweet_to_classify file in direction config_files nUnable to allocate 37.1 GiB for an array with shape (99563, 50000) and data type float64
###################################################################################################
This error related to function get_random_number_of_tweets of get_tweet_to_classify file in direction config_files nUnable to allocate 4.69 GiB for an array with shape (12590, 50000) and data type float64
###################################################################################################
This error related to function get_random_number_of_tweets of get_tweet_to_classify file in direction config_files nUnable to allocate 4.69 GiB for an array with shape (12590, 50000) and data type float64
###################################################################################################
This error related to function get_random_number_of_tweets of get_tweet_to_classify file in direction config_files nUnable to allocate 8.52 GiB for an array with shape (22881, 50000) and data type float64
###################################################################################################
